# JRE version: Java(TM) SE Runtime Environment (8.0_144-b01) (build 1.8.0_144-b01)
# Java VM: Java HotSpot(TM) Client VM (25.144-b01 mixed mode windows-x86 )
Heap:
 def new generation   total 157248K, used 157247K [0x10200000, 0x1aca0000, 0x1aca0000)
  eden space 139776K, 100% used [0x10200000, 0x18a80000, 0x18a80000)
  from space 17472K,  99% used [0x18a80000, 0x19b8fff8, 0x19b90000)
  to   space 17472K,   0% used [0x19b90000, 0x19b90000, 0x1aca0000)
 tenured generation   total 349568K, used 349567K [0x1aca0000, 0x30200000, 0x30200000)
   the space 349568K,  99% used [0x1aca0000, 0x301ffff8, 0x30200000, 0x30200000)
 Metaspace       used 20866K, capacity 21382K, committed 21760K, reserved 21888K
GC Heap History (10 events):
Event: 23703.514 GC heap before
{Heap before GC invocations=5755 (full 90):
 def new generation   total 157248K, used 157247K [0x10200000, 0x1aca0000, 0x1aca0000)
  eden space 139776K, 100% used [0x10200000, 0x18a80000, 0x18a80000)
  from space 17472K,  99% used [0x18a80000, 0x19b8ff60, 0x19b90000)
  to   space 17472K,   0% used [0x19b90000, 0x19b90000, 0x1aca0000)
 tenured generation   total 349568K, used 349567K [0x1aca0000, 0x30200000, 0x30200000)
   the space 349568K,  99% used [0x1aca0000, 0x301fffe8, 0x30200000, 0x30200000)
 Metaspace       used 20866K, capacity 21382K, committed 21760K, reserved 21888K
Event: 23703.881 GC heap after
Heap after GC invocations=5756 (full 91):
 def new generation   total 157248K, used 157201K [0x10200000, 0x1aca0000, 0x1aca0000)
  eden space 139776K,  99% used [0x10200000, 0x18a7ffb0, 0x18a80000)
  from space 17472K,  99% used [0x18a80000, 0x19b84650, 0x19b90000)
  to   space 17472K,   0% used [0x19b90000, 0x19b90000, 0x1aca0000)
 tenured generation   total 349568K, used 349567K [0x1aca0000, 0x30200000, 0x30200000)
   the space 349568K,  99% used [0x1aca0000, 0x301fffe8, 0x30200000, 0x30200000)
 Metaspace       used 20866K, capacity 21382K, committed 21760K, reserved 21888K
}
Event: 23703.881 GC heap before
{Heap before GC invocations=5756 (full 91):
 def new generation   total 157248K, used 157247K [0x10200000, 0x1aca0000, 0x1aca0000)
  eden space 139776K, 100% used [0x10200000, 0x18a80000, 0x18a80000)
  from space 17472K,  99% used [0x18a80000, 0x19b8ffe0, 0x19b90000)
  to   space 17472K,   0% used [0x19b90000, 0x19b90000, 0x1aca0000)
 tenured generation   total 349568K, used 349567K [0x1aca0000, 0x30200000, 0x30200000)
   the space 349568K,  99% used [0x1aca0000, 0x301fffe8, 0x30200000, 0x30200000)
 Metaspace       used 20866K, capacity 21382K, committed 21760K, reserved 21888K
Event: 23704.215 GC heap after
Heap after GC invocations=5757 (full 92):
 def new generation   total 157248K, used 157200K [0x10200000, 0x1aca0000, 0x1aca0000)
  eden space 139776K,  99% used [0x10200000, 0x18a7ff88, 0x18a80000)
  from space 17472K,  99% used [0x18a80000, 0x19b84400, 0x19b90000)
  to   space 17472K,   0% used [0x19b90000, 0x19b90000, 0x1aca0000)
 tenured generation   total 349568K, used 349567K [0x1aca0000, 0x30200000, 0x30200000)
   the space 349568K,  99% used [0x1aca0000, 0x301fffe8, 0x30200000, 0x30200000)
 Metaspace       used 20866K, capacity 21382K, committed 21760K, reserved 21888K
}
Event: 23704.215 GC heap before
{Heap before GC invocations=5757 (full 92):
 def new generation   total 157248K, used 157240K [0x10200000, 0x1aca0000, 0x1aca0000)
  eden space 139776K, 100% used [0x10200000, 0x18a80000, 0x18a80000)
  from space 17472K,  99% used [0x18a80000, 0x19b8e380, 0x19b90000)
  to   space 17472K,   0% used [0x19b90000, 0x19b90000, 0x1aca0000)
 tenured generation   total 349568K, used 349567K [0x1aca0000, 0x30200000, 0x30200000)
   the space 349568K,  99% used [0x1aca0000, 0x301fffe8, 0x30200000, 0x30200000)
 Metaspace       used 20866K, capacity 21382K, committed 21760K, reserved 21888K
Event: 23704.572 GC heap after
Heap after GC invocations=5758 (full 93):
 def new generation   total 157248K, used 157198K [0x10200000, 0x1aca0000, 0x1aca0000)
  eden space 139776K,  99% used [0x10200000, 0x18a7ffe0, 0x18a80000)
  from space 17472K,  99% used [0x18a80000, 0x19b83a40, 0x19b90000)
  to   space 17472K,   0% used [0x19b90000, 0x19b90000, 0x1aca0000)
 tenured generation   total 349568K, used 349567K [0x1aca0000, 0x30200000, 0x30200000)
   the space 349568K,  99% used [0x1aca0000, 0x301fffe8, 0x30200000, 0x30200000)
 Metaspace       used 20866K, capacity 21382K, committed 21760K, reserved 21888K
}
Event: 23704.572 GC heap before
{Heap before GC invocations=5758 (full 93):
 def new generation   total 157248K, used 157248K [0x10200000, 0x1aca0000, 0x1aca0000)
  eden space 139776K, 100% used [0x10200000, 0x18a80000, 0x18a80000)
  from space 17472K, 100% used [0x18a80000, 0x19b90000, 0x19b90000)
  to   space 17472K,   0% used [0x19b90000, 0x19b90000, 0x1aca0000)
 tenured generation   total 349568K, used 349567K [0x1aca0000, 0x30200000, 0x30200000)
   the space 349568K,  99% used [0x1aca0000, 0x301ffff8, 0x30200000, 0x30200000)
 Metaspace       used 20866K, capacity 21382K, committed 21760K, reserved 21888K
Event: 23704.894 GC heap after
Heap after GC invocations=5759 (full 94):
 def new generation   total 157248K, used 157213K [0x10200000, 0x1aca0000, 0x1aca0000)
  eden space 139776K,  99% used [0x10200000, 0x18a7ffd0, 0x18a80000)
  from space 17472K,  99% used [0x18a80000, 0x19b87580, 0x19b90000)
  to   space 17472K,   0% used [0x19b90000, 0x19b90000, 0x1aca0000)
 tenured generation   total 349568K, used 349567K [0x1aca0000, 0x30200000, 0x30200000)
   the space 349568K,  99% used [0x1aca0000, 0x301ffff8, 0x30200000, 0x30200000)
 Metaspace       used 20866K, capacity 21382K, committed 21760K, reserved 21888K
}
Event: 23704.894 GC heap before
{Heap before GC invocations=5759 (full 94):
 def new generation   total 157248K, used 157248K [0x10200000, 0x1aca0000, 0x1aca0000)
  eden space 139776K, 100% used [0x10200000, 0x18a80000, 0x18a80000)
  from space 17472K, 100% used [0x18a80000, 0x19b90000, 0x19b90000)
  to   space 17472K,   0% used [0x19b90000, 0x19b90000, 0x1aca0000)
 tenured generation   total 349568K, used 349567K [0x1aca0000, 0x30200000, 0x30200000)
   the space 349568K,  99% used [0x1aca0000, 0x301ffff8, 0x30200000, 0x30200000)
 Metaspace       used 20866K, capacity 21382K, committed 21760K, reserved 21888K
Event: 23705.225 GC heap after
Heap after GC invocations=5760 (full 95):
 def new generation   total 157248K, used 157218K [0x10200000, 0x1aca0000, 0x1aca0000)
  eden space 139776K,  99% used [0x10200000, 0x18a7fff0, 0x18a80000)
  from space 17472K,  99% used [0x18a80000, 0x19b88920, 0x19b90000)
  to   space 17472K,   0% used [0x19b90000, 0x19b90000, 0x1aca0000)
 tenured generation   total 349568K, used 349567K [0x1aca0000, 0x30200000, 0x30200000)
   the space 349568K,  99% used [0x1aca0000, 0x301ffff8, 0x30200000, 0x30200000)
 Metaspace       used 20866K, capacity 21382K, committed 21760K, reserved 21888K
}

